
**** Clean-only build of configuration Debug for project Project_5 ****

"c:\\ti\\ccsv6\\utils\\bin\\gmake" -k clean 
DEL /F  "Project_5.out"  "Project_5.hex" 
Could Not Find C:\Users\Dennis\Documents\GitHub\ECEN-403\workspace\Project_5\Debug\Project_5.out
DEL /F "lm4f120h5qr_startup_ccs.pp" "main.pp" 
DEL /F "lm4f120h5qr_startup_ccs.obj" "main.obj" 
'Finished clean'
' '

**** Build Finished ****

**** Build of configuration Debug for project Project_5 ****

"c:\\ti\\ccsv6\\utils\\bin\\gmake" -k all 
'Building file: ../lm4f120h5qr_startup_ccs.c'
'Invoking: ARM Compiler'
"c:/ti/ccsv6/tools/compiler/arm_5.1.6/bin/armcl" -mv7M4 --code_state=16 --float_support=FPv4SPD16 --abi=eabi -me --include_path="c:/ti/ccsv6/tools/compiler/arm_5.1.6/include" --include_path="C:/StellarisWare" -g --gcc --define="ccs" --define=PART_LM4F120H5QR --display_error_number --diag_warning=225 --diag_wrap=off --preproc_with_compile --preproc_dependency="lm4f120h5qr_startup_ccs.pp"  "../lm4f120h5qr_startup_ccs.c"
'Finished building: ../lm4f120h5qr_startup_ccs.c'
' '
'Building file: ../main.c'
'Invoking: ARM Compiler'
"c:/ti/ccsv6/tools/compiler/arm_5.1.6/bin/armcl" -mv7M4 --code_state=16 --float_support=FPv4SPD16 --abi=eabi -me --include_path="c:/ti/ccsv6/tools/compiler/arm_5.1.6/include" --include_path="C:/StellarisWare" -g --gcc --define="ccs" --define=PART_LM4F120H5QR --display_error_number --diag_warning=225 --diag_wrap=off --preproc_with_compile --preproc_dependency="main.pp"  "../main.c"
'Finished building: ../main.c'
' '
'Building target: Project_5.out'
'Invoking: ARM Linker'
"c:/ti/ccsv6/tools/compiler/arm_5.1.6/bin/armcl" -mv7M4 --code_state=16 --float_support=FPv4SPD16 --abi=eabi -me -g --gcc --define="ccs" --define=PART_LM4F120H5QR --display_error_number --diag_warning=225 --diag_wrap=off -z -m"Project_5.map" --heap_size=0 --stack_size=512 -i"c:/ti/ccsv6/tools/compiler/arm_5.1.6/lib" -i"c:/ti/ccsv6/tools/compiler/arm_5.1.6/include" --reread_libs --warn_sections --display_error_number --diag_wrap=off --xml_link_info="Project_5_linkInfo.xml" --rom_model -o "Project_5.out"  "./lm4f120h5qr_startup_ccs.obj" "./main.obj" "../lm4f120h5qr.cmd" -l"libc.a" -l"C:\StellarisWare\driverlib\ccs-cm4f\Debug\driverlib-cm4f.lib" 
<Linking>

 undefined           first referenced             
  symbol                 in file                  
 ---------           ----------------             
 UARTStdioIntHandler ./lm4f120h5qr_startup_ccs.obj

error #10234-D: unresolved symbols remain

error #10010: errors encountered during linking; "Project_5.out" not built
>> Compilation failure
gmake: *** [Project_5.out] Error 1
gmake: Target `all' not remade because of errors.

**** Build Finished ****

**** Build of configuration Debug for project Project_5 ****

"c:\\ti\\ccsv6\\utils\\bin\\gmake" -k all 
'Building file: ../lm4f120h5qr_startup_ccs.c'
'Invoking: ARM Compiler'
"c:/ti/ccsv6/tools/compiler/arm_5.1.6/bin/armcl" -mv7M4 --code_state=16 --float_support=FPv4SPD16 --abi=eabi -me --include_path="c:/ti/ccsv6/tools/compiler/arm_5.1.6/include" --include_path="C:/StellarisWare" -g --gcc --define="ccs" --define=PART_LM4F120H5QR --display_error_number --diag_warning=225 --diag_wrap=off --preproc_with_compile --preproc_dependency="lm4f120h5qr_startup_ccs.pp"  "../lm4f120h5qr_startup_ccs.c"
'Finished building: ../lm4f120h5qr_startup_ccs.c'
' '
'Building target: Project_5.out'
'Invoking: ARM Linker'
"c:/ti/ccsv6/tools/compiler/arm_5.1.6/bin/armcl" -mv7M4 --code_state=16 --float_support=FPv4SPD16 --abi=eabi -me -g --gcc --define="ccs" --define=PART_LM4F120H5QR --display_error_number --diag_warning=225 --diag_wrap=off -z -m"Project_5.map" --heap_size=0 --stack_size=512 -i"c:/ti/ccsv6/tools/compiler/arm_5.1.6/lib" -i"c:/ti/ccsv6/tools/compiler/arm_5.1.6/include" --reread_libs --warn_sections --display_error_number --diag_wrap=off --xml_link_info="Project_5_linkInfo.xml" --rom_model -o "Project_5.out"  "./lm4f120h5qr_startup_ccs.obj" "./main.obj" "../lm4f120h5qr.cmd" -l"libc.a" -l"C:\StellarisWare\driverlib\ccs-cm4f\Debug\driverlib-cm4f.lib" 
<Linking>
'Finished building target: Project_5.out'
' '

**** Build Finished ****
