
**** Build of configuration Debug for project Project-1 ****

"c:\\ti\\ccsv6\\utils\\bin\\gmake" -k all 
'Building file: ../main.c'
'Invoking: ARM Compiler'
"c:/ti/ccsv6/tools/compiler/arm_5.1.10/bin/armcl" -mv4 --code_state=32 --abi=ti_arm9_abi --include_path="C:/StellarisWare" --include_path="c:/ti/ccsv6/tools/compiler/arm_5.1.10/include" -g --display_error_number --diag_warning=225 --diag_wrap=off --preproc_with_compile --preproc_dependency="main.pp"  "../main.c"
'Finished building: ../main.c'
' '
'Building target: Project-1.out'
'Invoking: ARM Linker'
"c:/ti/ccsv6/tools/compiler/arm_5.1.10/bin/armcl" -mv4 --code_state=32 --abi=ti_arm9_abi -g --display_error_number --diag_warning=225 --diag_wrap=off -z -m"Project-1.map" --stack_size=512 -i"c:/ti/ccsv6/tools/compiler/arm_5.1.10/lib" -i"C:/StellarisWare" -i"c:/ti/ccsv6/tools/compiler/arm_5.1.10/include" --reread_libs --warn_sections --display_error_number --diag_wrap=off --xml_link_info="Project-1_linkInfo.xml" --rom_model -o "Project-1.out"  "./main.obj" -l"libc.a" -l"C:\StellarisWare\driverlib\ccs-cm4f\Debug\driverlib-cm4f.lib" 
<Linking>
warning #10373-D: library "C:\StellarisWare\driverlib\ccs-cm4f\Debug\driverlib-cm4f.lib" contains ELF object files which are incompatible with the TI-COFF output file.  Ensure you are using the proper library.

warning #10373-D: library "C:\StellarisWare\driverlib\ccs-cm4f\Debug\driverlib-cm4f.lib" contains ELF object files which are incompatible with the TI-COFF output file.  Ensure you are using the proper library.

>> Compilation failure
 undefined                 first referenced
  symbol                       in file     
 ---------                 ----------------
 _ADCIntClear              ./main.obj      
 _ADCIntStatus             ./main.obj      
 _ADCProcessorTrigger      ./main.obj      
 _ADCSequenceConfigure     ./main.obj      
 _ADCSequenceDataGet       ./main.obj      
 _ADCSequenceDisable       ./main.obj      
 _ADCSequenceEnable        ./main.obj      
 _ADCSequenceStepConfigure ./main.obj      
 _SysCtlADCSpeedSet        ./main.obj      
 _SysCtlClockSet           ./main.obj      
 _SysCtlPeripheralEnable   ./main.obj      

error #10234-D: unresolved symbols remain
error #10010: errors encountered during linking; "Project-1.out" not built
gmake: *** [Project-1.out] Error 1
gmake: Target `all' not remade because of errors.

**** Build Finished ****
