
**** Build of configuration Debug for project qs-rgb ****

"c:\\ti\\ccsv6\\utils\\bin\\gmake" -k all 
'Building target: qs-rgb.out'
'Invoking: ARM Linker'
"c:/ti/ccsv6/tools/compiler/arm_5.1.6/bin/armcl" -mv7M4 --code_state=16 --float_support=FPv4SPD16 --abi=eabi -me -O2 -g --gcc --define=ccs="ccs" --define=PART_LM4F120H5QR --define=TARGET_IS_BLIZZARD_RA2 --define=UART_BUFFERED --diag_warning=225 --display_error_number --gen_func_subsections=on --ual -z --stack_size=2048 -m"qs-rgb_ccs.map" --heap_size=0 -i"c:/ti/ccsv6/tools/compiler/arm_5.1.6/lib" -i"c:/ti/ccsv6/tools/compiler/arm_5.1.6/include" --reread_libs --warn_sections --display_error_number --xml_link_info="qs-rgb_linkInfo.xml" --rom_model -o "qs-rgb.out"  "./qs-rgb.obj" "./rgb_commands.obj" "./startup_ccs.obj" "../qs-rgb_ccs.cmd" -l"libc.a" -l"C:/StellarisWare/boards/ek-lm4f120xl/qs-rgb/ccs/../../../../driverlib/ccs-cm4f/Debug/driverlib-cm4f.lib" -l"C:/StellarisWare/boards/ek-lm4f120xl/qs-rgb/ccs/../../../../usblib/ccs-cm4f/Debug/usblib-cm4f.lib" 
<Linking>

 undefined           first referenced 
  symbol                 in file      
 ---------           ---------------- 
 ButtonsInit         ./qs-rgb.obj     
 ButtonsPoll         ./qs-rgb.obj     
 CmdLineProcess      ./qs-rgb.obj     
 RGBColorSet         ./qs-rgb.obj     
 RGBDisable          ./qs-rgb.obj     
 RGBEnable           ./qs-rgb.obj     
 RGBInit             ./qs-rgb.obj     
 RGBIntensitySet     ./qs-rgb.obj     
 UARTPeek            ./qs-rgb.obj     
 UARTStdioInit       ./qs-rgb.obj     
 UARTStdioIntHandler ./startup_ccs.obj
 UARTgets            ./qs-rgb.obj     
 UARTprintf          ./qs-rgb.obj     

error #10234-D: unresolved symbols remain

error #10010: errors encountered during linking; "qs-rgb.out" not built
>> Compilation failure
gmake: *** [qs-rgb.out] Error 1
gmake: Target `all' not remade because of errors.

**** Build Finished ****
