
**** Clean-only build of configuration Debug for project Blink_LED ****

"c:\\ti\\ccsv6\\utils\\bin\\gmake" -k clean 
gmake: *** No rule to make target `clean'.

**** Build Finished ****

**** Build of configuration Debug for project Blink_LED ****

"c:\\ti\\ccsv6\\utils\\bin\\gmake" -k all 
'Building file: ../lm4f121h5qr_startup_ccs.c'
'Invoking: ARM Compiler'
"c:/ti/ccsv6/tools/compiler/arm_5.1.6/bin/armcl" -mv7M4 --code_state=16 --float_support=FPv4SPD16 --abi=eabi -me --include_path="c:/ti/ccsv6/tools/compiler/arm_5.1.6/include" --include_path="C:/StellarisWare" -g --gcc --define="ccs" --define=PART_LM4F121H5QR --display_error_number --diag_warning=225 --diag_wrap=off --preproc_with_compile --preproc_dependency="lm4f121h5qr_startup_ccs.pp"  "../lm4f121h5qr_startup_ccs.c"
'Finished building: ../lm4f121h5qr_startup_ccs.c'
' '
'Building file: ../main.c'
'Invoking: ARM Compiler'
"c:/ti/ccsv6/tools/compiler/arm_5.1.6/bin/armcl" -mv7M4 --code_state=16 --float_support=FPv4SPD16 --abi=eabi -me --include_path="c:/ti/ccsv6/tools/compiler/arm_5.1.6/include" --include_path="C:/StellarisWare" -g --gcc --define="ccs" --define=PART_LM4F121H5QR --display_error_number --diag_warning=225 --diag_wrap=off --preproc_with_compile --preproc_dependency="main.pp"  "../main.c"
'Finished building: ../main.c'
' '
'Building target: Blink_LED.out'
'Invoking: ARM Linker'
"c:/ti/ccsv6/tools/compiler/arm_5.1.6/bin/armcl" -mv7M4 --code_state=16 --float_support=FPv4SPD16 --abi=eabi -me -g --gcc --define="ccs" --define=PART_LM4F121H5QR --display_error_number --diag_warning=225 --diag_wrap=off -z -m"Blink_LED.map" --heap_size=0 --stack_size=512 -i"c:/ti/ccsv6/tools/compiler/arm_5.1.6/lib" -i"c:/ti/ccsv6/tools/compiler/arm_5.1.6/include" --reread_libs --warn_sections --display_error_number --diag_wrap=off --xml_link_info="Blink_LED_linkInfo.xml" --rom_model -o "Blink_LED.out"  "./lm4f121h5qr_startup_ccs.obj" "./main.obj" "../lm4f121h5qr.cmd" -l"libc.a" -l"C:\StellarisWare\driverlib\ccs-cm4f\Debug\driverlib-cm4f.lib" 
<Linking>
'Finished building target: Blink_LED.out'
' '

**** Build Finished ****

**** Build of configuration Debug for project Blink_LED ****

"c:\\ti\\ccsv6\\utils\\bin\\gmake" -k all 
gmake: Nothing to be done for `all'.

**** Build Finished ****

**** Build of configuration Debug for project Blink_LED ****

"c:\\ti\\ccsv6\\utils\\bin\\gmake" -k all 
gmake: Nothing to be done for `all'.

**** Build Finished ****

**** Build of configuration Debug for project Blink_LED ****

"c:\\ti\\ccsv6\\utils\\bin\\gmake" -k all 
gmake: Nothing to be done for `all'.

**** Build Finished ****

**** Build of configuration Debug for project Blink_LED ****

"c:\\ti\\ccsv6\\utils\\bin\\gmake" -k all 
gmake: Nothing to be done for `all'.

**** Build Finished ****
